BATCH_SIZE: 2
PROBLEM:
  TYPE: 2GM
  UNSUPERVISED: False
  RESCALE: [256, 256]
  FILTER: intersection
  MAX_PROB_SIZE: -1
  NUM_GRAPHS: 3
  NUM_CLUSTERS: 1
  TEST_ALL_GRAPHS: False
  TRAIN_ALL_GRAPHS: False
GRAPH:
  SRC_GRAPH_CONSTRUCT: tri
  TGT_GRAPH_CONSTRUCT: fc
  SYM_ADJACENCY: True
  PADDING: 23
TRAIN:
  EPOCH_ITERS: 2000
  START_EPOCH: 0
  NUM_EPOCHS: 20
  OPTIMIZER: SGD
  LR: 0.01
  SEPARATE_BACKBONE_LR: False
  BACKBONE_LR: 0.01
  LR_DECAY: 0.1
  LR_STEP: [5]
  MOMENTUM: 0.9
  RLOSS_NORM: 256
  CLASS: none
  LOSS_FUNC: perm
EVAL:
  EPOCH: 30
  SAMPLES: 1000
  CLASS: all
BACKBONE: VGG16_bn
GPUS: [0]
DATALOADER_NUM: 2
PRETRAINED_PATH: 
NORM_MEANS: [0.485, 0.456, 0.406]
NORM_STD: [0.229, 0.224, 0.225]
CACHE_PATH: data/cache
MODEL_NAME: vgg16_ngm
DATASET_NAME: voc
DATASET_FULL_NAME: PascalVOC
MODULE: models.NGM.model
OUTPUT_PATH: output/vgg16_ngm_voc
STATISTIC_STEP: 100
RANDOM_SEED: 123
FP16: False
NGM:
  FEATURE_CHANNEL: 512
  SK_ITER_NUM: 20
  SK_EPSILON: 1e-10
  SK_TAU: 0.05
  MGM_SK_TAU: 0.005
  GNN_FEAT: [16, 16, 16]
  GNN_LAYER: 3
  GAUSSIAN_SIGMA: 1.0
  SIGMA3: 1.0
  WEIGHT2: 1.0
  WEIGHT3: 1.0
  EDGE_FEATURE: cat
  ORDER3_FEATURE: none
  FIRST_ORDER: True
  EDGE_EMB: False
  SK_EMB: 1
  GUMBEL_SK: 0
  UNIV_SIZE: -1
  POSITIVE_EDGES: True
Start training...
model on device: cuda:0
Epoch 0/19
----------
lr = 1.00e-02
